<?xml version="1.0" encoding="UTF-8"?>
<coverage generated="1605201569758" clover="3.2.0">
  <project timestamp="1605201569758" name="All files">
    <metrics statements="11" coveredstatements="2" conditionals="2" coveredconditionals="0" methods="6" coveredmethods="1" elements="19" coveredelements="3" complexity="0" loc="11" ncloc="11" packages="1" files="1" classes="1"/>
    <file name="LoadingScreen.js" path="/Users/florentjanssens/Github/Projet-Integration-App/MenuraTest/components/View/LoadingScreen.js">
      <metrics statements="11" coveredstatements="2" conditionals="2" coveredconditionals="0" methods="6" coveredmethods="1"/>
      <line num="14" count="0" type="stmt"/>
      <line num="15" count="0" type="stmt"/>
      <line num="19" count="0" type="stmt"/>
      <line num="23" count="0" type="stmt"/>
      <line num="24" count="0" type="cond" truecount="0" falsecount="2"/>
      <line num="25" count="0" type="stmt"/>
      <line num="27" count="0" type="stmt"/>
      <line num="33" count="0" type="stmt"/>
      <line num="50" count="1" type="stmt"/>
      <line num="67" count="1" type="stmt"/>
      <line num="69" count="0" type="stmt"/>
    </file>
  </project>
</coverage>
