TN:
SF:config.js
FNF:0
FNH:0
DA:1,7
LF:1
LH:1
BRF:0
BRH:0
end_of_record
TN:
SF:Store\configureStore.js
FNF:0
FNH:0
LF:0
LH:0
BRF:0
BRH:0
end_of_record
TN:
SF:Store\Reducers\StyleSheetReducer.js
FN:48,switchTheme
FN:57,(anonymous_1)
FN:64,(anonymous_2)
FN:71,(anonymous_3)
FN:78,(anonymous_4)
FN:85,(anonymous_5)
FN:92,(anonymous_6)
FNF:7
FNH:2
FNDA:7,switchTheme
FNDA:0,(anonymous_1)
FNDA:0,(anonymous_2)
FNDA:0,(anonymous_3)
FNDA:0,(anonymous_4)
FNDA:0,(anonymous_5)
FNDA:7,(anonymous_6)
DA:6,7
DA:12,7
DA:18,7
DA:24,7
DA:30,7
DA:40,7
DA:49,7
DA:51,7
DA:53,0
DA:57,0
DA:58,0
DA:60,0
DA:64,0
DA:65,0
DA:67,0
DA:71,0
DA:72,0
DA:74,0
DA:78,0
DA:79,0
DA:81,0
DA:85,0
DA:86,0
DA:88,7
DA:92,7
DA:93,7
DA:94,0
DA:98,0
DA:101,7
LF:29
LH:12
BRDA:48,0,0,7
BRDA:51,1,0,0
BRDA:51,1,1,0
BRDA:51,1,2,0
BRDA:51,1,3,0
BRDA:51,1,4,0
BRDA:51,1,5,7
BRDA:58,2,0,0
BRDA:58,2,1,0
BRDA:65,3,0,0
BRDA:65,3,1,0
BRDA:72,4,0,0
BRDA:72,4,1,0
BRDA:79,5,0,0
BRDA:79,5,1,0
BRDA:86,6,0,0
BRDA:86,6,1,0
BRDA:93,7,0,0
BRDA:93,7,1,7
BRDA:98,8,0,0
BRDA:98,8,1,0
BRDA:101,9,0,7
BRDA:101,9,1,0
BRF:23
BRH:4
end_of_record
TN:
SF:api\utilisateurs_api.js
FN:12,createUtilisateur
FN:27,(anonymous_1)
FN:28,(anonymous_2)
FN:37,deleteUtilisateur
FN:46,(anonymous_4)
FN:47,(anonymous_5)
FNF:6
FNH:0
FNDA:0,createUtilisateur
FNDA:0,(anonymous_1)
FNDA:0,(anonymous_2)
FNDA:0,deleteUtilisateur
FNDA:0,(anonymous_4)
FNDA:0,(anonymous_5)
DA:1,2
DA:13,0
DA:27,0
DA:28,0
DA:38,0
DA:46,0
DA:47,0
LF:7
LH:1
BRF:0
BRH:0
end_of_record
TN:
SF:assets\avatars\avatar1.png
FNF:0
FNH:0
DA:1,2
LF:1
LH:1
BRF:0
BRH:0
end_of_record
TN:
SF:assets\avatars\avatar10.png
FNF:0
FNH:0
DA:1,2
LF:1
LH:1
BRF:0
BRH:0
end_of_record
TN:
SF:assets\avatars\avatar11.png
FNF:0
FNH:0
DA:1,2
LF:1
LH:1
BRF:0
BRH:0
end_of_record
TN:
SF:assets\avatars\avatar12.png
FNF:0
FNH:0
DA:1,2
LF:1
LH:1
BRF:0
BRH:0
end_of_record
TN:
SF:assets\avatars\avatar13.png
FNF:0
FNH:0
DA:1,2
LF:1
LH:1
BRF:0
BRH:0
end_of_record
TN:
SF:assets\avatars\avatar14.png
FNF:0
FNH:0
DA:1,2
LF:1
LH:1
BRF:0
BRH:0
end_of_record
TN:
SF:assets\avatars\avatar15.png
FNF:0
FNH:0
DA:1,2
LF:1
LH:1
BRF:0
BRH:0
end_of_record
TN:
SF:assets\avatars\avatar16.png
FNF:0
FNH:0
DA:1,2
LF:1
LH:1
BRF:0
BRH:0
end_of_record
TN:
SF:assets\avatars\avatar17.png
FNF:0
FNH:0
DA:1,2
LF:1
LH:1
BRF:0
BRH:0
end_of_record
TN:
SF:assets\avatars\avatar18.png
FNF:0
FNH:0
DA:1,2
LF:1
LH:1
BRF:0
BRH:0
end_of_record
TN:
SF:assets\avatars\avatar19.png
FNF:0
FNH:0
DA:1,2
LF:1
LH:1
BRF:0
BRH:0
end_of_record
TN:
SF:assets\avatars\avatar2.png
FNF:0
FNH:0
DA:1,2
LF:1
LH:1
BRF:0
BRH:0
end_of_record
TN:
SF:assets\avatars\avatar20.png
FNF:0
FNH:0
DA:1,2
LF:1
LH:1
BRF:0
BRH:0
end_of_record
TN:
SF:assets\avatars\avatar21.png
FNF:0
FNH:0
DA:1,2
LF:1
LH:1
BRF:0
BRH:0
end_of_record
TN:
SF:assets\avatars\avatar22.png
FNF:0
FNH:0
DA:1,2
LF:1
LH:1
BRF:0
BRH:0
end_of_record
TN:
SF:assets\avatars\avatar23.png
FNF:0
FNH:0
DA:1,2
LF:1
LH:1
BRF:0
BRH:0
end_of_record
TN:
SF:assets\avatars\avatar24.png
FNF:0
FNH:0
DA:1,2
LF:1
LH:1
BRF:0
BRH:0
end_of_record
TN:
SF:assets\avatars\avatar25.png
FNF:0
FNH:0
DA:1,2
LF:1
LH:1
BRF:0
BRH:0
end_of_record
TN:
SF:assets\avatars\avatar26.png
FNF:0
FNH:0
DA:1,2
LF:1
LH:1
BRF:0
BRH:0
end_of_record
TN:
SF:assets\avatars\avatar27.png
FNF:0
FNH:0
DA:1,2
LF:1
LH:1
BRF:0
BRH:0
end_of_record
TN:
SF:assets\avatars\avatar28.png
FNF:0
FNH:0
DA:1,2
LF:1
LH:1
BRF:0
BRH:0
end_of_record
TN:
SF:assets\avatars\avatar29.png
FNF:0
FNH:0
DA:1,2
LF:1
LH:1
BRF:0
BRH:0
end_of_record
TN:
SF:assets\avatars\avatar3.png
FNF:0
FNH:0
DA:1,2
LF:1
LH:1
BRF:0
BRH:0
end_of_record
TN:
SF:assets\avatars\avatar30.png
FNF:0
FNH:0
DA:1,2
LF:1
LH:1
BRF:0
BRH:0
end_of_record
TN:
SF:assets\avatars\avatar31.png
FNF:0
FNH:0
DA:1,2
LF:1
LH:1
BRF:0
BRH:0
end_of_record
TN:
SF:assets\avatars\avatar32.png
FNF:0
FNH:0
DA:1,2
LF:1
LH:1
BRF:0
BRH:0
end_of_record
TN:
SF:assets\avatars\avatar4.png
FNF:0
FNH:0
DA:1,2
LF:1
LH:1
BRF:0
BRH:0
end_of_record
TN:
SF:assets\avatars\avatar5.png
FNF:0
FNH:0
DA:1,2
LF:1
LH:1
BRF:0
BRH:0
end_of_record
TN:
SF:assets\avatars\avatar6.png
FNF:0
FNH:0
DA:1,2
LF:1
LH:1
BRF:0
BRH:0
end_of_record
TN:
SF:assets\avatars\avatar7.png
FNF:0
FNH:0
DA:1,2
LF:1
LH:1
BRF:0
BRH:0
end_of_record
TN:
SF:assets\avatars\avatar8.png
FNF:0
FNH:0
DA:1,2
LF:1
LH:1
BRF:0
BRH:0
end_of_record
TN:
SF:assets\avatars\avatar9.png
FNF:0
FNH:0
DA:1,2
LF:1
LH:1
BRF:0
BRH:0
end_of_record
TN:
SF:assets\images\searchImage.png
FNF:0
FNH:0
DA:1,1
LF:1
LH:1
BRF:0
BRH:0
end_of_record
TN:
SF:assets\quizz\MACREUSE.jpg
FNF:0
FNH:0
DA:1,1
LF:1
LH:1
BRF:0
BRH:0
end_of_record
TN:
SF:assets\quizz\PIEBAVARDE.jpg
FNF:0
FNH:0
DA:1,1
LF:1
LH:1
BRF:0
BRH:0
end_of_record
TN:
SF:assets\quizz\VERDIER.jpg
FNF:0
FNH:0
DA:1,1
LF:1
LH:1
BRF:0
BRH:0
end_of_record
TN:
SF:assets\quizz\bargerousse.jpg
FNF:0
FNH:0
DA:1,1
LF:1
LH:1
BRF:0
BRH:0
end_of_record
TN:
SF:assets\quizz\grandduc.jpg
FNF:0
FNH:0
DA:1,1
LF:1
LH:1
BRF:0
BRH:0
end_of_record
TN:
SF:assets\quizz\mesange.jpg
FNF:0
FNH:0
DA:1,1
LF:1
LH:1
BRF:0
BRH:0
end_of_record
TN:
SF:assets\quizz\moineau.jpg
FNF:0
FNH:0
DA:1,1
LF:1
LH:1
BRF:0
BRH:0
end_of_record
TN:
SF:assets\quizz\mouette.jpg
FNF:0
FNH:0
DA:1,1
LF:1
LH:1
BRF:0
BRH:0
end_of_record
TN:
SF:assets\quizz\picvert.jpg
FNF:0
FNH:0
DA:1,1
LF:1
LH:1
BRF:0
BRH:0
end_of_record
TN:
SF:assets\quizz\tarier.jpg
FNF:0
FNH:0
DA:1,1
LF:1
LH:1
BRF:0
BRH:0
end_of_record
TN:
SF:components\View\LoadingScreen.js
FN:12,(anonymous_0)
FN:20,(anonymous_1)
FN:28,(anonymous_2)
FN:29,(anonymous_3)
FN:42,(anonymous_4)
FN:77,(anonymous_5)
FNF:6
FNH:6
FNDA:1,(anonymous_0)
FNDA:1,(anonymous_1)
FNDA:1,(anonymous_2)
FNDA:1,(anonymous_3)
FNDA:1,(anonymous_4)
FNDA:1,(anonymous_5)
DA:13,1
DA:14,1
DA:21,1
DA:29,1
DA:30,1
DA:31,0
DA:33,1
DA:43,1
DA:60,1
DA:78,1
DA:80,1
LF:11
LH:10
BRDA:30,0,0,0
BRDA:30,0,1,1
BRDA:30,1,0,1
BRDA:30,1,1,0
BRF:4
BRH:2
end_of_record
TN:
SF:components\View\profile\AvatarItem.js
FN:8,(anonymous_0)
FN:19,(anonymous_1)
FN:20,(anonymous_2)
FN:26,(anonymous_3)
FN:29,(anonymous_4)
FN:42,(anonymous_5)
FN:48,(anonymous_6)
FN:78,(anonymous_7)
FN:84,(anonymous_8)
FNF:9
FNH:4
FNDA:20,(anonymous_0)
FNDA:0,(anonymous_1)
FNDA:0,(anonymous_2)
FNDA:0,(anonymous_3)
FNDA:0,(anonymous_4)
FNDA:20,(anonymous_5)
FNDA:0,(anonymous_6)
FNDA:20,(anonymous_7)
FNDA:20,(anonymous_8)
DA:9,20
DA:10,20
DA:20,0
DA:21,0
DA:22,0
DA:27,0
DA:30,0
DA:33,0
DA:43,20
DA:44,20
DA:49,0
DA:58,1
DA:78,1
DA:79,20
DA:85,20
DA:86,20
LF:16
LH:9
BRDA:21,0,0,0
BRDA:21,0,1,0
BRF:2
BRH:0
end_of_record
TN:
SF:components\View\profile\AvatarView.js
FN:9,(anonymous_0)
FN:18,(anonymous_1)
FN:26,(anonymous_2)
FN:27,(anonymous_3)
FN:48,(anonymous_4)
FN:54,(anonymous_5)
FNF:6
FNH:6
FNDA:2,(anonymous_0)
FNDA:2,(anonymous_1)
FNDA:24,(anonymous_2)
FNDA:20,(anonymous_3)
FNDA:2,(anonymous_4)
FNDA:2,(anonymous_5)
DA:10,2
DA:11,2
DA:19,2
DA:20,2
DA:26,24
DA:28,20
DA:36,1
DA:48,1
DA:49,2
DA:55,2
DA:57,2
LF:11
LH:11
BRF:0
BRH:0
end_of_record
TN:
SF:components\View\profile\InscriptionProfilView.js
FN:16,(anonymous_0)
FN:42,(anonymous_1)
FN:51,(anonymous_2)
FN:60,(anonymous_3)
FN:69,(anonymous_4)
FN:78,(anonymous_5)
FN:92,(anonymous_6)
FN:97,(anonymous_7)
FN:100,(anonymous_8)
FN:107,(anonymous_9)
FN:114,(anonymous_10)
FN:119,(anonymous_11)
FN:120,(anonymous_12)
FN:124,(anonymous_13)
FN:146,(anonymous_14)
FN:157,(anonymous_15)
FN:158,(anonymous_16)
FN:161,(anonymous_17)
FN:171,(anonymous_18)
FN:174,(anonymous_19)
FN:177,(anonymous_20)
FN:189,(anonymous_21)
FN:190,(anonymous_22)
FN:193,(anonymous_23)
FN:205,(anonymous_24)
FN:208,(anonymous_25)
FN:214,(anonymous_26)
FN:229,(anonymous_27)
FN:232,(anonymous_28)
FN:238,(anonymous_29)
FN:249,(anonymous_30)
FN:302,(anonymous_31)
FN:308,(anonymous_32)
FNF:33
FNH:4
FNDA:7,(anonymous_0)
FNDA:0,(anonymous_1)
FNDA:0,(anonymous_2)
FNDA:0,(anonymous_3)
FNDA:0,(anonymous_4)
FNDA:0,(anonymous_5)
FNDA:0,(anonymous_6)
FNDA:0,(anonymous_7)
FNDA:0,(anonymous_8)
FNDA:0,(anonymous_9)
FNDA:0,(anonymous_10)
FNDA:0,(anonymous_11)
FNDA:0,(anonymous_12)
FNDA:0,(anonymous_13)
FNDA:7,(anonymous_14)
FNDA:0,(anonymous_15)
FNDA:0,(anonymous_16)
FNDA:0,(anonymous_17)
FNDA:0,(anonymous_18)
FNDA:0,(anonymous_19)
FNDA:0,(anonymous_20)
FNDA:0,(anonymous_21)
FNDA:0,(anonymous_22)
FNDA:0,(anonymous_23)
FNDA:0,(anonymous_24)
FNDA:0,(anonymous_25)
FNDA:0,(anonymous_26)
FNDA:0,(anonymous_27)
FNDA:0,(anonymous_28)
FNDA:0,(anonymous_29)
FNDA:0,(anonymous_30)
FNDA:7,(anonymous_31)
FNDA:7,(anonymous_32)
DA:17,7
DA:18,7
DA:19,7
DA:20,7
DA:21,7
DA:22,7
DA:23,7
DA:24,7
DA:25,7
DA:26,7
DA:43,0
DA:52,0
DA:61,0
DA:70,0
DA:79,0
DA:93,0
DA:94,0
DA:98,0
DA:99,0
DA:100,0
DA:101,0
DA:109,0
DA:115,0
DA:117,0
DA:121,0
DA:125,0
DA:126,0
DA:134,0
DA:147,7
DA:148,7
DA:157,0
DA:159,0
DA:162,0
DA:172,0
DA:175,0
DA:178,0
DA:189,0
DA:191,0
DA:194,0
DA:206,0
DA:209,0
DA:215,0
DA:230,0
DA:233,0
DA:239,0
DA:250,0
DA:267,1
DA:302,1
DA:303,7
DA:309,7
DA:311,7
LF:51
LH:17
BRDA:93,0,0,0
BRDA:93,0,1,0
BRF:2
BRH:0
end_of_record
TN:
SF:components\View\profile\ProfilView.js
FN:18,(anonymous_0)
FN:37,(anonymous_1)
FN:45,(anonymous_2)
FN:46,(anonymous_3)
FN:70,(anonymous_4)
FN:74,(anonymous_5)
FN:75,(anonymous_6)
FN:85,(anonymous_7)
FN:94,(anonymous_8)
FN:102,(anonymous_9)
FN:110,(anonymous_10)
FN:118,(anonymous_11)
FN:126,(anonymous_12)
FN:133,(anonymous_13)
FN:134,(anonymous_14)
FN:138,(anonymous_15)
FN:139,(anonymous_16)
FN:142,(anonymous_17)
FN:146,(anonymous_18)
FN:155,(anonymous_19)
FN:163,(anonymous_20)
FN:164,(anonymous_21)
FN:167,(anonymous_22)
FN:171,(anonymous_23)
FN:180,(anonymous_24)
FN:198,(anonymous_25)
FN:218,(anonymous_26)
FN:242,(anonymous_27)
FN:258,(anonymous_28)
FN:269,(anonymous_29)
FN:280,(anonymous_30)
FN:290,(anonymous_31)
FN:317,(anonymous_32)
FN:326,(anonymous_33)
FN:336,(anonymous_34)
FN:366,(anonymous_35)
FN:373,(anonymous_36)
FN:383,(anonymous_37)
FN:513,(anonymous_38)
FN:519,(anonymous_39)
FNF:40
FNH:7
FNDA:1,(anonymous_0)
FNDA:1,(anonymous_1)
FNDA:1,(anonymous_2)
FNDA:1,(anonymous_3)
FNDA:0,(anonymous_4)
FNDA:0,(anonymous_5)
FNDA:0,(anonymous_6)
FNDA:0,(anonymous_7)
FNDA:0,(anonymous_8)
FNDA:0,(anonymous_9)
FNDA:0,(anonymous_10)
FNDA:0,(anonymous_11)
FNDA:0,(anonymous_12)
FNDA:0,(anonymous_13)
FNDA:0,(anonymous_14)
FNDA:0,(anonymous_15)
FNDA:0,(anonymous_16)
FNDA:0,(anonymous_17)
FNDA:0,(anonymous_18)
FNDA:0,(anonymous_19)
FNDA:0,(anonymous_20)
FNDA:0,(anonymous_21)
FNDA:0,(anonymous_22)
FNDA:0,(anonymous_23)
FNDA:1,(anonymous_24)
FNDA:0,(anonymous_25)
FNDA:0,(anonymous_26)
FNDA:0,(anonymous_27)
FNDA:0,(anonymous_28)
FNDA:0,(anonymous_29)
FNDA:0,(anonymous_30)
FNDA:0,(anonymous_31)
FNDA:0,(anonymous_32)
FNDA:0,(anonymous_33)
FNDA:0,(anonymous_34)
FNDA:0,(anonymous_35)
FNDA:0,(anonymous_36)
FNDA:0,(anonymous_37)
FNDA:1,(anonymous_38)
FNDA:1,(anonymous_39)
DA:19,1
DA:20,1
DA:38,1
DA:46,1
DA:47,1
DA:48,0
DA:49,0
DA:50,0
DA:51,0
DA:52,0
DA:53,0
DA:61,1
DA:71,0
DA:76,0
DA:86,0
DA:95,0
DA:103,0
DA:111,0
DA:119,0
DA:127,0
DA:128,0
DA:129,0
DA:133,0
DA:134,0
DA:136,0
DA:139,0
DA:140,0
DA:143,0
DA:144,0
DA:147,0
DA:156,0
DA:157,0
DA:161,0
DA:164,0
DA:165,0
DA:168,0
DA:169,0
DA:172,0
DA:181,1
DA:182,1
DA:198,0
DA:218,0
DA:243,0
DA:259,0
DA:269,0
DA:281,0
DA:290,0
DA:317,0
DA:327,0
DA:336,0
DA:367,0
DA:373,0
DA:384,0
DA:397,1
DA:513,1
DA:514,1
DA:520,1
DA:522,1
LF:58
LH:13
BRDA:47,0,0,0
BRDA:47,0,1,1
BRF:2
BRH:1
end_of_record
TN:
SF:components\View\profile\ResetPasswordProfilView.js
FN:15,(anonymous_0)
FN:32,(anonymous_1)
FN:42,(anonymous_2)
FN:46,(anonymous_3)
FN:49,(anonymous_4)
FN:62,(anonymous_5)
FN:75,(anonymous_6)
FN:76,(anonymous_7)
FN:79,(anonymous_8)
FN:86,(anonymous_9)
FN:126,(anonymous_10)
FN:132,(anonymous_11)
FNF:12
FNH:4
FNDA:2,(anonymous_0)
FNDA:0,(anonymous_1)
FNDA:0,(anonymous_2)
FNDA:0,(anonymous_3)
FNDA:0,(anonymous_4)
FNDA:2,(anonymous_5)
FNDA:0,(anonymous_6)
FNDA:0,(anonymous_7)
FNDA:0,(anonymous_8)
FNDA:0,(anonymous_9)
FNDA:2,(anonymous_10)
FNDA:2,(anonymous_11)
DA:16,2
DA:17,2
DA:18,2
DA:19,2
DA:20,2
DA:21,2
DA:33,0
DA:43,0
DA:47,0
DA:50,0
DA:51,0
DA:63,2
DA:64,2
DA:75,0
DA:77,0
DA:80,0
DA:86,0
DA:95,1
DA:126,1
DA:127,2
DA:133,2
DA:135,2
LF:22
LH:13
BRF:0
BRH:0
end_of_record
TN:
SF:components\View\profile\connexionProfilView.js
FN:15,(anonymous_0)
FN:34,(anonymous_1)
FN:43,(anonymous_2)
FN:53,(anonymous_3)
FN:57,(anonymous_4)
FN:65,(anonymous_5)
FN:79,(anonymous_6)
FN:80,(anonymous_7)
FN:93,(anonymous_8)
FN:106,(anonymous_9)
FN:107,(anonymous_10)
FN:110,(anonymous_11)
FN:122,(anonymous_12)
FN:125,(anonymous_13)
FN:128,(anonymous_14)
FN:135,(anonymous_15)
FN:140,(anonymous_16)
FN:145,(anonymous_17)
FN:185,(anonymous_18)
FN:191,(anonymous_19)
FNF:20
FNH:4
FNDA:7,(anonymous_0)
FNDA:0,(anonymous_1)
FNDA:0,(anonymous_2)
FNDA:0,(anonymous_3)
FNDA:0,(anonymous_4)
FNDA:0,(anonymous_5)
FNDA:0,(anonymous_6)
FNDA:0,(anonymous_7)
FNDA:7,(anonymous_8)
FNDA:0,(anonymous_9)
FNDA:0,(anonymous_10)
FNDA:0,(anonymous_11)
FNDA:0,(anonymous_12)
FNDA:0,(anonymous_13)
FNDA:0,(anonymous_14)
FNDA:0,(anonymous_15)
FNDA:0,(anonymous_16)
FNDA:0,(anonymous_17)
FNDA:7,(anonymous_18)
FNDA:7,(anonymous_19)
DA:16,7
DA:17,7
DA:18,7
DA:19,7
DA:20,7
DA:21,7
DA:22,7
DA:35,0
DA:44,0
DA:54,0
DA:58,0
DA:63,0
DA:66,0
DA:67,0
DA:80,0
DA:81,0
DA:82,0
DA:84,0
DA:94,7
DA:95,7
DA:106,0
DA:108,0
DA:111,0
DA:123,0
DA:126,0
DA:129,0
DA:135,0
DA:140,0
DA:145,0
DA:154,1
DA:185,1
DA:186,7
DA:192,7
DA:194,7
LF:34
LH:14
BRDA:81,0,0,0
BRDA:81,0,1,0
BRDA:81,1,0,0
BRDA:81,1,1,0
BRF:4
BRH:0
end_of_record
TN:
SF:components\View\profile\verificationEmailView.js
FN:7,(anonymous_0)
FN:18,(anonymous_1)
FN:26,(anonymous_2)
FN:27,(anonymous_3)
FN:40,(anonymous_4)
FN:41,(anonymous_5)
FN:45,(anonymous_6)
FN:51,(anonymous_7)
FN:61,(anonymous_8)
FN:82,(anonymous_9)
FN:131,(anonymous_10)
FNF:11
FNH:6
FNDA:2,(anonymous_0)
FNDA:2,(anonymous_1)
FNDA:2,(anonymous_2)
FNDA:2,(anonymous_3)
FNDA:0,(anonymous_4)
FNDA:0,(anonymous_5)
FNDA:0,(anonymous_6)
FNDA:0,(anonymous_7)
FNDA:2,(anonymous_8)
FNDA:0,(anonymous_9)
FNDA:2,(anonymous_10)
DA:8,2
DA:9,2
DA:19,2
DA:27,2
DA:28,2
DA:29,0
DA:31,2
DA:41,0
DA:42,0
DA:43,0
DA:46,0
DA:52,0
DA:62,2
DA:82,0
DA:94,1
DA:132,2
DA:134,2
LF:17
LH:10
BRDA:28,0,0,0
BRDA:28,0,1,2
BRF:2
BRH:1
end_of_record
TN:
SF:components\View\profile\data\AvatarData.js
FNF:0
FNH:0
DA:4,2
LF:1
LH:1
BRF:0
BRH:0
end_of_record
TN:
SF:components\View\tips\data\QuizData.js
FNF:0
FNH:0
DA:4,1
LF:1
LH:1
BRF:0
BRH:0
end_of_record
TN:
SF:functions\storageHelper.js
FN:8,getDataStorage
FN:26,storeDataStorage
FN:28,(anonymous_2)
FNF:3
FNH:1
FNDA:7,getDataStorage
FNDA:0,storeDataStorage
FNDA:0,(anonymous_2)
DA:9,7
DA:10,7
DA:11,7
DA:12,0
DA:14,7
DA:16,0
DA:27,0
DA:28,0
DA:30,0
LF:9
LH:4
BRDA:11,0,0,0
BRDA:11,0,1,7
BRF:2
BRH:1
end_of_record
